#
# There is insufficient memory for the Java Runtime Environment to continue.
# Native memory allocation (malloc) failed to allocate 32744 bytes for ChunkPool::allocate
# Possible reasons:
#   The system is out of physical RAM or swap space
#   The process is running with CompressedOops enabled, and the Java Heap may be blocking the growth of the native heap
# Possible solutions:
#   Reduce memory load on the system
#   Increase physical memory or swap space
#   Check if swap backing store is full
#   Decrease Java heap size (-Xmx/-Xms)
#   Decrease number of Java threads
#   Decrease Java thread stack sizes (-Xss)
#   Set larger code cache with -XX:ReservedCodeCacheSize=
#   JVM is running with Unscaled Compressed Oops mode in which the Java heap is
#     placed in the first 4GB address space. The Java Heap base address is the
#     maximum limit for the native heap growth. Please use -XX:HeapBaseMinAddress
#     to set the Java Heap base and to place the Java Heap above 4GB virtual address.
# This output file may be truncated or incomplete.
#
#  Out of Memory Error (allocation.cpp:272), pid=4668, tid=0x0000000000003794
#
# JRE version: Java(TM) SE Runtime Environment (8.0_211-b12) (build 1.8.0_211-b12)
# Java VM: Java HotSpot(TM) 64-Bit Server VM (25.211-b12 mixed mode windows-amd64 compressed oops)
# Failed to write core dump. Minidumps are not enabled by default on client versions of Windows
#

---------------  T H R E A D  ---------------

Current thread (0x0000000017c84800):  JavaThread "Daemon worker" [_thread_in_vm, id=14228, stack(0x0000000019800000,0x0000000019900000)]

Stack: [0x0000000019800000,0x0000000019900000]
[error occurred during error reporting (printing stack bounds), id 0xc0000005]

Native frames: (J=compiled Java code, j=interpreted, Vv=VM code, C=native code)

Java frames: (J=compiled Java code, j=interpreted, Vv=VM code)
j  org.gradle.internal.resource.local.GroupedAndNamedUniqueFileStore.<init>(Ljava/io/File;Lorg/gradle/api/internal/file/TemporaryFileProvider;Lorg/gradle/internal/file/FileAccessTimeJournal;Lorg/gradle/internal/resource/local/GroupedAndNamedUniqueFileStore$Grouper;Lorg/gradle/api/Namer;)V+5
j  org.gradle.internal.resource.cached.ExternalResourceFileStore.<init>(Ljava/io/File;Lorg/gradle/api/internal/file/TemporaryFileProvider;Lorg/gradle/internal/file/FileAccessTimeJournal;)V+10
j  org.gradle.api.internal.artifacts.DependencyManagementBuildScopeServices.createExternalResourceFileStore(Lorg/gradle/api/internal/artifacts/ivyservice/ArtifactCacheMetadata;Lorg/gradle/internal/file/FileAccessTimeJournal;)Lorg/gradle/internal/resource/cached/ExternalResourceFileStore;+18
v  ~StubRoutines::call_stub
j  sun.reflect.NativeMethodAccessorImpl.invoke0(Ljava/lang/reflect/Method;Ljava/lang/Object;[Ljava/lang/Object;)Ljava/lang/Object;+0
j  sun.reflect.NativeMethodAccessorImpl.invoke(Ljava/lang/Object;[Ljava/lang/Object;)Ljava/lang/Object;+100
J 1132 C1 sun.reflect.DelegatingMethodAccessorImpl.invoke(Ljava/lang/Object;[Ljava/lang/Object;)Ljava/lang/Object; (10 bytes) @ 0x0000000003279c44 [0x0000000003279b40+0x104]
J 1131 C1 java.lang.reflect.Method.invoke(Ljava/lang/Object;[Ljava/lang/Object;)Ljava/lang/Object; (62 bytes) @ 0x000000000327966c [0x0000000003279280+0x3ec]
j  org.gradle.internal.reflect.JavaMethod.invoke(Ljava/lang/Object;[Ljava/lang/Object;)Ljava/lang/Object;+6
j  org.gradle.internal.service.ReflectionBasedServiceMethod.invoke(Ljava/lang/Object;[Ljava/lang/Object;)Ljava/lang/Object;+6
j  org.gradle.internal.service.DefaultServiceRegistry$FactoryMethodService.invokeMethod([Ljava/lang/Object;)Ljava/lang/Object;+9
j  org.gradle.internal.service.DefaultServiceRegistry$FactoryService.create()Ljava/lang/Object;+7
J 1384 C1 org.gradle.internal.service.DefaultServiceRegistry$ManagedObjectServiceProvider.getInstance()Ljava/lang/Object; (81 bytes) @ 0x000000000331f98c [0x000000000331f740+0x24c]
J 1383 C1 org.gradle.internal.service.DefaultServiceRegistry$SingletonService.get()Ljava/lang/Object; (5 bytes) @ 0x00000000033114f4 [0x0000000003311400+0xf4]
j  org.gradle.internal.service.DefaultServiceRegistry$FactoryService.assembleParameters()[Ljava/lang/Object;+44
j  org.gradle.internal.service.DefaultServiceRegistry$FactoryService.create()Ljava/lang/Object;+1
J 1384 C1 org.gradle.internal.service.DefaultServiceRegistry$ManagedObjectServiceProvider.getInstance()Ljava/lang/Object; (81 bytes) @ 0x000000000331f98c [0x000000000331f740+0x24c]
J 1383 C1 org.gradle.internal.service.DefaultServiceRegistry$SingletonService.get()Ljava/lang/Object; (5 bytes) @ 0x00000000033114f4 [0x0000000003311400+0xf4]
j  org.gradle.internal.service.DefaultServiceRegistry.find(Ljava/lang/reflect/Type;)Ljava/lang/Object;+22
j  org.gradle.internal.service.DefaultServiceRegistry.get(Ljava/lang/reflect/Type;)Ljava/lang/Object;+2
j  org.gradle.internal.service.DefaultServiceRegistry.get(Ljava/lang/Class;)Ljava/lang/Object;+3
j  org.gradle.internal.service.scopes.BuildScopeServices.defaultScriptPluginFactory()Lorg/gradle/configuration/DefaultScriptPluginFactory;+112
j  org.gradle.internal.service.scopes.BuildScopeServices.createScriptPluginFactory(Lorg/gradle/internal/instantiation/InstantiatorFactory;Lorg/gradle/internal/operations/BuildOperationExecutor;Lorg/gradle/configuration/internal/UserCodeApplicationContext;)Lorg/gradle/configuration/ScriptPluginFactory;+1
v  ~StubRoutines::call_stub
j  sun.reflect.NativeMethodAccessorImpl.invoke0(Ljava/lang/reflect/Method;Ljava/lang/Object;[Ljava/lang/Object;)Ljava/lang/Object;+0
j  sun.reflect.NativeMethodAccessorImpl.invoke(Ljava/lang/Object;[Ljava/lang/Object;)Ljava/lang/Object;+100
J 1132 C1 sun.reflect.DelegatingMethodAccessorImpl.invoke(Ljava/lang/Object;[Ljava/lang/Object;)Ljava/lang/Object; (10 bytes) @ 0x0000000003279c44 [0x0000000003279b40+0x104]
J 1131 C1 java.lang.reflect.Method.invoke(Ljava/lang/Object;[Ljava/lang/Object;)Ljava/lang/Object; (62 bytes) @ 0x000000000327966c [0x0000000003279280+0x3ec]
j  org.gradle.internal.reflect.JavaMethod.invoke(Ljava/lang/Object;[Ljava/lang/Object;)Ljava/lang/Object;+6
j  org.gradle.internal.service.ReflectionBasedServiceMethod.invoke(Ljava/lang/Object;[Ljava/lang/Object;)Ljava/lang/Object;+6
j  org.gradle.internal.service.DefaultServiceRegistry$FactoryMethodService.invokeMethod([Ljava/lang/Object;)Ljava/lang/Object;+9
j  org.gradle.internal.service.DefaultServiceRegistry$FactoryService.create()Ljava/lang/Object;+7
J 1384 C1 org.gradle.internal.service.DefaultServiceRegistry$ManagedObjectServiceProvider.getInstance()Ljava/lang/Object; (81 bytes) @ 0x000000000331f98c [0x000000000331f740+0x24c]
J 1383 C1 org.gradle.internal.service.DefaultServiceRegistry$SingletonService.get()Ljava/lang/Object; (5 bytes) @ 0x00000000033114f4 [0x0000000003311400+0xf4]
j  org.gradle.internal.service.DefaultServiceRegistry$FactoryService.assembleParameters()[Ljava/lang/Object;+44
j  org.gradle.internal.service.DefaultServiceRegistry$FactoryService.create()Ljava/lang/Object;+1
J 1384 C1 org.gradle.internal.service.DefaultServiceRegistry$ManagedObjectServiceProvider.getInstance()Ljava/lang/Object; (81 bytes) @ 0x000000000331f98c [0x000000000331f740+0x24c]
J 1383 C1 org.gradle.internal.service.DefaultServiceRegistry$SingletonService.get()Ljava/lang/Object; (5 bytes) @ 0x00000000033114f4 [0x0000000003311400+0xf4]
j  org.gradle.internal.service.DefaultServiceRegistry$FactoryService.assembleParameters()[Ljava/lang/Object;+44
j  org.gradle.internal.service.DefaultServiceRegistry$FactoryService.create()Ljava/lang/Object;+1
J 1384 C1 org.gradle.internal.service.DefaultServiceRegistry$ManagedObjectServiceProvider.getInstance()Ljava/lang/Object; (81 bytes) @ 0x000000000331f98c [0x000000000331f740+0x24c]
J 1383 C1 org.gradle.internal.service.DefaultServiceRegistry$SingletonService.get()Ljava/lang/Object; (5 bytes) @ 0x00000000033114f4 [0x0000000003311400+0xf4]
j  org.gradle.internal.service.DefaultServiceRegistry.find(Ljava/lang/reflect/Type;)Ljava/lang/Object;+22
j  org.gradle.internal.service.DefaultServiceRegistry.get(Ljava/lang/reflect/Type;)Ljava/lang/Object;+2
j  org.gradle.internal.service.DefaultServiceRegistry.get(Ljava/lang/Class;)Ljava/lang/Object;+3
j  org.gradle.initialization.DefaultGradleLauncherFactory.doNewInstance(Lorg/gradle/api/internal/BuildDefinition;Lorg/gradle/internal/build/BuildState;Lorg/gradle/initialization/GradleLauncher;Lorg/gradle/internal/service/scopes/BuildTreeScopeServices;Ljava/util/List;)Lorg/gradle/initialization/DefaultGradleLauncher;+231
j  org.gradle.initialization.DefaultGradleLauncherFactory.newInstance(Lorg/gradle/api/internal/BuildDefinition;Lorg/gradle/internal/build/RootBuildState;Lorg/gradle/internal/service/scopes/BuildTreeScopeServices;)Lorg/gradle/initialization/GradleLauncher;+33
j  org.gradle.composite.internal.DefaultRootBuildState.<init>(Lorg/gradle/api/internal/BuildDefinition;Lorg/gradle/initialization/GradleLauncherFactory;Lorg/gradle/internal/event/ListenerManager;Lorg/gradle/internal/service/scopes/BuildTreeScopeServices;)V+15
j  org.gradle.composite.internal.DefaultIncludedBuildRegistry.createRootBuild(Lorg/gradle/api/internal/BuildDefinition;)Lorg/gradle/internal/build/RootBuildState;+35
j  org.gradle.launcher.exec.InProcessBuildActionExecuter.execute(Lorg/gradle/internal/invocation/BuildAction;Lorg/gradle/initialization/BuildRequestContext;Lorg/gradle/launcher/exec/BuildActionParameters;Lorg/gradle/internal/service/ServiceRegistry;)Lorg/gradle/launcher/exec/BuildActionResult;+61
j  org.gradle.launcher.exec.InProcessBuildActionExecuter.execute(Lorg/gradle/internal/invocation/BuildAction;Lorg/gradle/initialization/BuildRequestContext;Ljava/lang/Object;Lorg/gradle/internal/service/ServiceRegistry;)Lorg/gradle/launcher/exec/BuildActionResult;+9
j  org.gradle.launcher.exec.BuildTreeScopeBuildActionExecuter.execute(Lorg/gradle/internal/invocation/BuildAction;Lorg/gradle/initialization/BuildRequestContext;Lorg/gradle/launcher/exec/BuildActionParameters;Lorg/gradle/internal/service/ServiceRegistry;)Lorg/gradle/launcher/exec/BuildActionResult;+38
j  org.gradle.launcher.exec.BuildTreeScopeBuildActionExecuter.execute(Lorg/gradle/internal/invocation/BuildAction;Lorg/gradle/initialization/BuildRequestContext;Ljava/lang/Object;Lorg/gradle/internal/service/ServiceRegistry;)Lorg/gradle/launcher/exec/BuildActionResult;+9
j  org.gradle.tooling.internal.provider.ContinuousBuildActionExecuter.execute(Lorg/gradle/internal/invocation/BuildAction;Lorg/gradle/initialization/BuildRequestContext;Lorg/gradle/launcher/exec/BuildActionParameters;Lorg/gradle/internal/service/ServiceRegistry;)Lorg/gradle/launcher/exec/BuildActionResult;+58
j  org.gradle.tooling.internal.provider.ContinuousBuildActionExecuter.execute(Lorg/gradle/internal/invocation/BuildAction;Lorg/gradle/initialization/BuildRequestContext;Ljava/lang/Object;Lorg/gradle/internal/service/ServiceRegistry;)Lorg/gradle/launcher/exec/BuildActionResult;+9
j  org.gradle.tooling.internal.provider.SubscribableBuildActionExecuter.execute(Lorg/gradle/internal/invocation/BuildAction;Lorg/gradle/initialization/BuildRequestContext;Lorg/gradle/launcher/exec/BuildActionParameters;Lorg/gradle/internal/service/ServiceRegistry;)Lorg/gradle/launcher/exec/BuildActionResult;+45
j  org.gradle.tooling.internal.provider.SubscribableBuildActionExecuter.execute(Lorg/gradle/internal/invocation/BuildAction;Lorg/gradle/initialization/BuildRequestContext;Ljava/lang/Object;Lorg/gradle/internal/service/ServiceRegistry;)Lorg/gradle/launcher/exec/BuildActionResult;+9
j  org.gradle.tooling.internal.provider.SessionScopeBuildActionExecuter.execute(Lorg/gradle/internal/invocation/BuildAction;Lorg/gradle/initialization/BuildRequestContext;Lorg/gradle/launcher/exec/BuildActionParameters;Lorg/gradle/internal/service/ServiceRegistry;)Lorg/gradle/launcher/exec/BuildActionResult;+117
j  org.gradle.tooling.internal.provider.SessionScopeBuildActionExecuter.execute(Lorg/gradle/internal/invocation/BuildAction;Lorg/gradle/initialization/BuildRequestContext;Ljava/lang/Object;Lorg/gradle/internal/service/ServiceRegistry;)Lorg/gradle/launcher/exec/BuildActionResult;+9
j  org.gradle.tooling.internal.provider.GradleThreadBuildActionExecuter.execute(Lorg/gradle/internal/invocation/BuildAction;Lorg/gradle/initialization/BuildRequestContext;Lorg/gradle/launcher/exec/BuildActionParameters;Lorg/gradle/internal/service/ServiceRegistry;)Lorg/gradle/launcher/exec/BuildActionResult;+12
j  org.gradle.tooling.internal.provider.GradleThreadBuildActionExecuter.execute(Lorg/gradle/internal/invocation/BuildAction;Lorg/gradle/initialization/BuildRequestContext;Ljava/lang/Object;Lorg/gradle/internal/service/ServiceRegistry;)Lorg/gradle/launcher/exec/BuildActionResult;+9
j  org.gradle.tooling.internal.provider.ParallelismConfigurationBuildActionExecuter.execute(Lorg/gradle/internal/invocation/BuildAction;Lorg/gradle/initialization/BuildRequestContext;Lorg/gradle/launcher/exec/BuildActionParameters;Lorg/gradle/internal/service/ServiceRegistry;)Lorg/gradle/launcher/exec/BuildActionResult;+43
j  org.gradle.tooling.internal.provider.ParallelismConfigurationBuildActionExecuter.execute(Lorg/gradle/internal/invocation/BuildAction;Lorg/gradle/initialization/BuildRequestContext;Ljava/lang/Object;Lorg/gradle/internal/service/ServiceRegistry;)Lorg/gradle/launcher/exec/BuildActionResult;+9
j  org.gradle.tooling.internal.provider.StartParamsValidatingActionExecuter.execute(Lorg/gradle/internal/invocation/BuildAction;Lorg/gradle/initialization/BuildRequestContext;Lorg/gradle/launcher/exec/BuildActionParameters;Lorg/gradle/internal/service/ServiceRegistry;)Lorg/gradle/launcher/exec/BuildActionResult;+177
j  org.gradle.tooling.internal.provider.StartParamsValidatingActionExecuter.execute(Lorg/gradle/internal/invocation/BuildAction;Lorg/gradle/initialization/BuildRequestContext;Ljava/lang/Object;Lorg/gradle/internal/service/ServiceRegistry;)Lorg/gradle/launcher/exec/BuildActionResult;+9
j  org.gradle.tooling.internal.provider.SessionFailureReportingActionExecuter.execute(Lorg/gradle/internal/invocation/BuildAction;Lorg/gradle/initialization/BuildRequestContext;Lorg/gradle/launcher/exec/BuildActionParameters;Lorg/gradle/internal/service/ServiceRegistry;)Lorg/gradle/launcher/exec/BuildActionResult;+9
j  org.gradle.tooling.internal.provider.SessionFailureReportingActionExecuter.execute(Lorg/gradle/internal/invocation/BuildAction;Lorg/gradle/initialization/BuildRequestContext;Ljava/lang/Object;Lorg/gradle/internal/service/ServiceRegistry;)Lorg/gradle/launcher/exec/BuildActionResult;+9
j  org.gradle.tooling.internal.provider.SetupLoggingActionExecuter.execute(Lorg/gradle/internal/invocation/BuildAction;Lorg/gradle/initialization/BuildRequestContext;Lorg/gradle/launcher/exec/BuildActionParameters;Lorg/gradle/internal/service/ServiceRegistry;)Lorg/gradle/launcher/exec/BuildActionResult;+52
j  org.gradle.tooling.internal.provider.SetupLoggingActionExecuter.execute(Lorg/gradle/internal/invocation/BuildAction;Lorg/gradle/initialization/BuildRequestContext;Ljava/lang/Object;Lorg/gradle/internal/service/ServiceRegistry;)Lorg/gradle/launcher/exec/BuildActionResult;+9
j  org.gradle.launcher.daemon.server.exec.ExecuteBuild.doBuild(Lorg/gradle/launcher/daemon/server/api/DaemonCommandExecution;Lorg/gradle/launcher/daemon/protocol/Build;)V+118
j  org.gradle.launcher.daemon.server.exec.BuildCommandOnly.execute(Lorg/gradle/launcher/daemon/server/api/DaemonCommandExecution;)V+49
j  org.gradle.launcher.daemon.server.api.DaemonCommandExecution.proceed()Z+23
j  org.gradle.launcher.daemon.server.exec.WatchForDisconnection.execute(Lorg/gradle/launcher/daemon/server/api/DaemonCommandExecution;)V+19
j  org.gradle.launcher.daemon.server.api.DaemonCommandExecution.proceed()Z+23
j  org.gradle.launcher.daemon.server.exec.ResetDeprecationLogger.execute(Lorg/gradle/launcher/daemon/server/api/DaemonCommandExecution;)V+4
j  org.gradle.launcher.daemon.server.api.DaemonCommandExecution.proceed()Z+23
j  org.gradle.launcher.daemon.server.exec.RequestStopIfSingleUsedDaemon.execute(Lorg/gradle/launcher/daemon/server/api/DaemonCommandExecution;)V+33
j  org.gradle.launcher.daemon.server.api.DaemonCommandExecution.proceed()Z+23
j  org.gradle.launcher.daemon.server.exec.ForwardClientInput$2.create()Ljava/lang/Void;+4
j  org.gradle.launcher.daemon.server.exec.ForwardClientInput$2.create()Ljava/lang/Object;+1
j  org.gradle.util.Swapper.swap(Ljava/lang/Object;Lorg/gradle/internal/Factory;)Ljava/lang/Object;+21
j  org.gradle.launcher.daemon.server.exec.ForwardClientInput.execute(Lorg/gradle/launcher/daemon/server/api/DaemonCommandExecution;)V+63
j  org.gradle.launcher.daemon.server.api.DaemonCommandExecution.proceed()Z+23
j  org.gradle.launcher.daemon.server.exec.LogAndCheckHealth.execute(Lorg/gradle/launcher/daemon/server/api/DaemonCommandExecution;)V+28
j  org.gradle.launcher.daemon.server.api.DaemonCommandExecution.proceed()Z+23
j  org.gradle.launcher.daemon.server.exec.LogToClient.doBuild(Lorg/gradle/launcher/daemon/server/api/DaemonCommandExecution;Lorg/gradle/launcher/daemon/protocol/Build;)V+87
j  org.gradle.launcher.daemon.server.exec.BuildCommandOnly.execute(Lorg/gradle/launcher/daemon/server/api/DaemonCommandExecution;)V+49
j  org.gradle.launcher.daemon.server.api.DaemonCommandExecution.proceed()Z+23
j  org.gradle.launcher.daemon.server.exec.EstablishBuildEnvironment.doBuild(Lorg/gradle/launcher/daemon/server/api/DaemonCommandExecution;Lorg/gradle/launcher/daemon/protocol/Build;)V+351
j  org.gradle.launcher.daemon.server.exec.BuildCommandOnly.execute(Lorg/gradle/launcher/daemon/server/api/DaemonCommandExecution;)V+49
j  org.gradle.launcher.daemon.server.api.DaemonCommandExecution.proceed()Z+23
j  org.gradle.launcher.daemon.server.exec.StartBuildOrRespondWithBusy$1.run()V+44
j  org.gradle.launcher.daemon.server.DaemonStateCoordinator$1.run()V+4
j  org.gradle.internal.concurrent.ExecutorPolicy$CatchAndRecordFailures.onExecute(Ljava/lang/Runnable;)V+1
j  org.gradle.internal.concurrent.ManagedExecutorImpl$1.run()V+25
j  java.util.concurrent.ThreadPoolExecutor.runWorker(Ljava/util/concurrent/ThreadPoolExecutor$Worker;)V+95
j  java.util.concurrent.ThreadPoolExecutor$Worker.run()V+5
j  org.gradle.internal.concurrent.ThreadFactoryImpl$ManagedThreadRunnable.run()V+7
j  java.lang.Thread.run()V+11
v  ~StubRoutines::call_stub

---------------  P R O C E S S  ---------------

Java Threads: ( => current thread )
  0x0000000014281000 JavaThread "Cache worker for journal cache (C:\Users\artij\.gradle\caches\journal-1)" [_thread_blocked, id=14032, stack(0x000000001a000000,0x000000001a100000)]
  0x0000000014283800 JavaThread "File lock request listener" [_thread_in_native, id=15996, stack(0x0000000019f00000,0x000000001a000000)]
  0x000000001427f000 JavaThread "Cache worker for file hash cache (C:\Users\artij\.gradle\caches\6.0.1\fileHashes)" [_thread_blocked, id=9332, stack(0x0000000019e00000,0x0000000019f00000)]
  0x0000000017be3000 JavaThread "Thread-9" [_thread_blocked, id=2492, stack(0x0000000019b00000,0x0000000019c00000)]
  0x0000000017bda000 JavaThread "Stdin handler" [_thread_blocked, id=16616, stack(0x0000000019a00000,0x0000000019b00000)]
  0x0000000017bd8000 JavaThread "Asynchronous log dispatcher for DefaultDaemonConnection: socket connection from /127.0.0.1:56780 to /127.0.0.1:56781" [_thread_blocked, id=1748, stack(0x0000000019900000,0x0000000019a00000)]
=>0x0000000017c84800 JavaThread "Daemon worker" [_thread_in_vm, id=14228, stack(0x0000000019800000,0x0000000019900000)]
  0x0000000017c81000 JavaThread "Cancel handler" [_thread_blocked, id=17892, stack(0x0000000019700000,0x0000000019800000)]
  0x0000000017c2a800 JavaThread "Handler for socket connection from /127.0.0.1:56780 to /127.0.0.1:56781" [_thread_in_native, id=15384, stack(0x0000000019400000,0x0000000019500000)]
  0x0000000017c26800 JavaThread "Daemon" [_thread_blocked, id=212, stack(0x0000000019300000,0x0000000019400000)]
  0x0000000017c13000 JavaThread "Daemon periodic checks" [_thread_blocked, id=16364, stack(0x0000000019200000,0x0000000019300000)]
  0x0000000017c03800 JavaThread "Incoming local TCP Connector on port 56780" [_thread_in_native, id=16632, stack(0x0000000018fa0000,0x00000000190a0000)]
  0x0000000017b62800 JavaThread "Daemon health stats" [_thread_blocked, id=16428, stack(0x0000000018960000,0x0000000018a60000)]
  0x00000000142be000 JavaThread "Service Thread" daemon [_thread_blocked, id=8812, stack(0x0000000015fc0000,0x00000000160c0000)]
  0x0000000014282800 JavaThread "C1 CompilerThread2" daemon [_thread_blocked, id=13660, stack(0x0000000015ac0000,0x0000000015bc0000)]
  0x000000001426f800 JavaThread "C2 CompilerThread1" daemon [_thread_in_native, id=10624, stack(0x00000000159c0000,0x0000000015ac0000)]
  0x0000000014268800 JavaThread "C2 CompilerThread0" daemon [_thread_in_native, id=14724, stack(0x00000000158c0000,0x00000000159c0000)]
  0x0000000014267000 JavaThread "Attach Listener" daemon [_thread_blocked, id=14288, stack(0x00000000157c0000,0x00000000158c0000)]
  0x0000000014265000 JavaThread "Signal Dispatcher" daemon [_thread_blocked, id=13164, stack(0x00000000156c0000,0x00000000157c0000)]
  0x0000000002e3a800 JavaThread "Finalizer" daemon [_thread_blocked, id=3948, stack(0x00000000154b0000,0x00000000155b0000)]
  0x0000000002e31800 JavaThread "Reference Handler" daemon [_thread_blocked, id=14920, stack(0x00000000153b0000,0x00000000154b0000)]
  0x0000000002d42800 JavaThread "main" [_thread_blocked, id=16304, stack(0x0000000002ba0000,0x0000000002ca0000)]

Other Threads:
  0x0000000014227800 VMThread [stack: 0x00000000152b0000,0x00000000153b0000] [id=14836]
  0x0000000015c25000 WatcherThread [stack: 0x00000000160c0000,0x00000000161c0000] [id=12636]

VM state:not at safepoint (normal execution)

VM Mutex/Monitor currently owned by a thread: None

heap address: 0x00000000e0000000, size: 512 MB, Compressed Oops mode: 32-bit
Narrow klass base: 0x0000000000000000, Narrow klass shift: 3
Compressed class space size: 1073741824 Address: 0x0000000100000000

Heap:
 PSYoungGen      total 76288K, used 42474K [0x00000000f5580000, 0x00000000faa80000, 0x0000000100000000)
  eden space 65536K, 50% used [0x00000000f5580000,0x00000000f75a7a40,0x00000000f9580000)
  from space 10752K, 88% used [0x00000000fa000000,0x00000000fa953010,0x00000000faa80000)
  to   space 10752K, 0% used [0x00000000f9580000,0x00000000f9580000,0x00000000fa000000)
 ParOldGen       total 175104K, used 24K [0x00000000e0000000, 0x00000000eab00000, 0x00000000f5580000)
  object space 175104K, 0% used [0x00000000e0000000,0x00000000e0006000,0x00000000eab00000)
 Metaspace       used 17044K, capacity 17514K, committed 17792K, reserved 1064960K
  class space    used 2486K, capacity 2679K, committed 2688K, reserved 1048576K

Card table byte_map: [0x0000000012200000,0x0000000012310000] byte_map_base: 0x0000000011b00000

Marking Bits: (ParMarkBitMap*) 0x00000000739d5ce0
 Begin Bits: [0x00000000127c0000, 0x0000000012fc0000)
 End Bits:   [0x0000000012fc0000, 0x00000000137c0000)

Polling page: 0x00000000012c0000

CodeCache: size=245760Kb used=5475Kb max_used=5475Kb free=240284Kb
 bounds [0x0000000002e40000, 0x00000000033a0000, 0x0000000011e40000]
 total_blobs=1970 nmethods=1567 adapters=315
 compilation: enabled

Compilation events (10 events):
Event: 3.754 Thread 0x0000000014282800 1569       3       org.objectweb.asm.SymbolTable::get (13 bytes)
Event: 3.754 Thread 0x0000000014282800 nmethod 1569 0x0000000003399ad0 code [0x0000000003399c20, 0x0000000003399db0]
Event: 3.769 Thread 0x0000000014282800 1570       3       org.objectweb.asm.SymbolTable::hash (10 bytes)
Event: 3.769 Thread 0x0000000014282800 nmethod 1570 0x000000000339a090 code [0x000000000339a200, 0x000000000339a408]
Event: 3.781 Thread 0x0000000014282800 1571       3       org.gradle.internal.service.DefaultServiceRegistry::access$1500 (6 bytes)
Event: 3.781 Thread 0x0000000014282800 nmethod 1571 0x000000000339a4d0 code [0x000000000339a640, 0x000000000339a7a8]
Event: 3.781 Thread 0x0000000014282800 1572       3       org.gradle.internal.service.DefaultServiceRegistry$ManagedObjectServiceProvider::requiredBy (20 bytes)
Event: 3.781 Thread 0x0000000014282800 nmethod 1572 0x000000000339a850 code [0x000000000339a9e0, 0x000000000339af08]
Event: 3.802 Thread 0x0000000014282800 1573       3       org.gradle.internal.service.DefaultServiceRegistry$ParentServices::getService (11 bytes)
Event: 3.802 Thread 0x0000000014282800 nmethod 1573 0x000000000339b050 code [0x000000000339b1c0, 0x000000000339b3e8]

GC Heap History (4 events):
Event: 1.408 GC heap before
{Heap before GC invocations=1 (full 0):
 PSYoungGen      total 76288K, used 65536K [0x00000000f5580000, 0x00000000faa80000, 0x0000000100000000)
  eden space 65536K, 100% used [0x00000000f5580000,0x00000000f9580000,0x00000000f9580000)
  from space 10752K, 0% used [0x00000000fa000000,0x00000000fa000000,0x00000000faa80000)
  to   space 10752K, 0% used [0x00000000f9580000,0x00000000f9580000,0x00000000fa000000)
 ParOldGen       total 175104K, used 0K [0x00000000e0000000, 0x00000000eab00000, 0x00000000f5580000)
  object space 175104K, 0% used [0x00000000e0000000,0x00000000e0000000,0x00000000eab00000)
 Metaspace       used 7315K, capacity 7474K, committed 7680K, reserved 1056768K
  class space    used 924K, capacity 982K, committed 1024K, reserved 1048576K
Event: 1.415 GC heap after
Heap after GC invocations=1 (full 0):
 PSYoungGen      total 76288K, used 5756K [0x00000000f5580000, 0x00000000faa80000, 0x0000000100000000)
  eden space 65536K, 0% used [0x00000000f5580000,0x00000000f5580000,0x00000000f9580000)
  from space 10752K, 53% used [0x00000000f9580000,0x00000000f9b1f0f8,0x00000000fa000000)
  to   space 10752K, 0% used [0x00000000fa000000,0x00000000fa000000,0x00000000faa80000)
 ParOldGen       total 175104K, used 16K [0x00000000e0000000, 0x00000000eab00000, 0x00000000f5580000)
  object space 175104K, 0% used [0x00000000e0000000,0x00000000e0004000,0x00000000eab00000)
 Metaspace       used 7315K, capacity 7474K, committed 7680K, reserved 1056768K
  class space    used 924K, capacity 982K, committed 1024K, reserved 1048576K
}
Event: 3.274 GC heap before
{Heap before GC invocations=2 (full 0):
 PSYoungGen      total 76288K, used 71292K [0x00000000f5580000, 0x00000000faa80000, 0x0000000100000000)
  eden space 65536K, 100% used [0x00000000f5580000,0x00000000f9580000,0x00000000f9580000)
  from space 10752K, 53% used [0x00000000f9580000,0x00000000f9b1f0f8,0x00000000fa000000)
  to   space 10752K, 0% used [0x00000000fa000000,0x00000000fa000000,0x00000000faa80000)
 ParOldGen       total 175104K, used 16K [0x00000000e0000000, 0x00000000eab00000, 0x00000000f5580000)
  object space 175104K, 0% used [0x00000000e0000000,0x00000000e0004000,0x00000000eab00000)
 Metaspace       used 14619K, capacity 14972K, committed 15104K, reserved 1062912K
  class space    used 2084K, capacity 2196K, committed 2304K, reserved 1048576K
Event: 3.291 GC heap after
Heap after GC invocations=2 (full 0):
 PSYoungGen      total 76288K, used 9548K [0x00000000f5580000, 0x00000000faa80000, 0x0000000100000000)
  eden space 65536K, 0% used [0x00000000f5580000,0x00000000f5580000,0x00000000f9580000)
  from space 10752K, 88% used [0x00000000fa000000,0x00000000fa953010,0x00000000faa80000)
  to   space 10752K, 0% used [0x00000000f9580000,0x00000000f9580000,0x00000000fa000000)
 ParOldGen       total 175104K, used 24K [0x00000000e0000000, 0x00000000eab00000, 0x00000000f5580000)
  object space 175104K, 0% used [0x00000000e0000000,0x00000000e0006000,0x00000000eab00000)
 Metaspace       used 14619K, capacity 14972K, committed 15104K, reserved 1062912K
  class space    used 2084K, capacity 2196K, committed 2304K, reserved 1048576K
}

Deoptimization events (10 events):
Event: 2.813 Thread 0x0000000017c2a800 Uncommon trap: reason=unstable_if action=reinterpret pc=0x0000000003229e70 method=java.util.concurrent.ConcurrentHashMap.putVal(Ljava/lang/Object;Ljava/lang/Object;Z)Ljava/lang/Object; @ 206
Event: 2.893 Thread 0x0000000017c84800 Uncommon trap: reason=bimorphic action=maybe_recompile pc=0x000000000309db04 method=java.util.HashMap.putVal(ILjava/lang/Object;Ljava/lang/Object;ZZ)Ljava/lang/Object; @ 253
Event: 2.893 Thread 0x0000000017c84800 Uncommon trap: reason=bimorphic action=maybe_recompile pc=0x000000000309db04 method=java.util.HashMap.putVal(ILjava/lang/Object;Ljava/lang/Object;ZZ)Ljava/lang/Object; @ 253
Event: 2.893 Thread 0x0000000017c84800 Uncommon trap: reason=bimorphic action=maybe_recompile pc=0x000000000309db04 method=java.util.HashMap.putVal(ILjava/lang/Object;Ljava/lang/Object;ZZ)Ljava/lang/Object; @ 253
Event: 2.893 Thread 0x0000000017c84800 Uncommon trap: reason=bimorphic action=maybe_recompile pc=0x000000000309ca20 method=java.util.HashMap.putVal(ILjava/lang/Object;Ljava/lang/Object;ZZ)Ljava/lang/Object; @ 253
Event: 3.129 Thread 0x0000000017c84800 Uncommon trap: reason=class_check action=maybe_recompile pc=0x0000000003135658 method=java.util.regex.Matcher.match(II)Z @ 86
Event: 3.142 Thread 0x0000000017c84800 Uncommon trap: reason=class_check action=maybe_recompile pc=0x0000000003135658 method=java.util.regex.Matcher.match(II)Z @ 86
Event: 3.143 Thread 0x0000000017c84800 Uncommon trap: reason=class_check action=maybe_recompile pc=0x0000000003135658 method=java.util.regex.Matcher.match(II)Z @ 86
Event: 3.143 Thread 0x0000000017c84800 Uncommon trap: reason=class_check action=maybe_recompile pc=0x00000000030f4c1c method=java.util.regex.Matcher.match(II)Z @ 86
Event: 3.671 Thread 0x0000000017c84800 Uncommon trap: reason=unstable_if action=reinterpret pc=0x00000000032d4fac method=java.util.HashMap.putVal(ILjava/lang/Object;Ljava/lang/Object;ZZ)Ljava/lang/Object; @ 236

Classes redefined (0 events):
No events

Internal exceptions (10 events):
Event: 2.829 Thread 0x0000000017c2a800 Exception <a 'java/lang/NoSuchMethodError': <clinit>> (0x00000000f73322e8) thrown at [C:\re\workspace\8-2-build-windows-amd64-cygwin\jdk8u211\12973\hotspot\src\share\vm\prims\jni.cpp, line 1614]
Event: 2.832 Thread 0x0000000017c2a800 Exception <a 'java/lang/NoSuchMethodError': <clinit>> (0x00000000f734a4d0) thrown at [C:\re\workspace\8-2-build-windows-amd64-cygwin\jdk8u211\12973\hotspot\src\share\vm\prims\jni.cpp, line 1614]
Event: 2.832 Thread 0x0000000017c2a800 Exception <a 'java/lang/NoSuchMethodError': <clinit>> (0x00000000f7353160) thrown at [C:\re\workspace\8-2-build-windows-amd64-cygwin\jdk8u211\12973\hotspot\src\share\vm\prims\jni.cpp, line 1614]
Event: 2.834 Thread 0x0000000017c2a800 Exception <a 'java/lang/NoSuchMethodError': <clinit>> (0x00000000f7369908) thrown at [C:\re\workspace\8-2-build-windows-amd64-cygwin\jdk8u211\12973\hotspot\src\share\vm\prims\jni.cpp, line 1614]
Event: 2.842 Thread 0x0000000017c2a800 Exception <a 'java/lang/NoSuchMethodError': <clinit>> (0x00000000f73cd000) thrown at [C:\re\workspace\8-2-build-windows-amd64-cygwin\jdk8u211\12973\hotspot\src\share\vm\prims\jni.cpp, line 1614]
Event: 2.847 Thread 0x0000000017c2a800 Exception <a 'java/lang/NoSuchMethodError': <clinit>> (0x00000000f73fa270) thrown at [C:\re\workspace\8-2-build-windows-amd64-cygwin\jdk8u211\12973\hotspot\src\share\vm\prims\jni.cpp, line 1614]
Event: 2.860 Thread 0x0000000017c2a800 Exception <a 'java/lang/NoSuchMethodError': <clinit>> (0x00000000f7416c40) thrown at [C:\re\workspace\8-2-build-windows-amd64-cygwin\jdk8u211\12973\hotspot\src\share\vm\prims\jni.cpp, line 1614]
Event: 3.460 Thread 0x0000000017c84800 Exception <a 'java/lang/NoSuchMethodError': java.lang.Object.lambda$and$0(Ljava/util/function/Predicate;Ljava/lang/Object;)Z> (0x00000000f65b6c18) thrown at [C:\re\workspace\8-2-build-windows-amd64-cygwin\jdk8u211\12973\hotspot\src\share\vm\interpreter\li
Event: 3.473 Thread 0x0000000017c84800 Exception <a 'java/lang/IncompatibleClassChangeError': Found class java.lang.Object, but interface was expected> (0x00000000f65cc938) thrown at [C:\re\workspace\8-2-build-windows-amd64-cygwin\jdk8u211\12973\hotspot\src\share\vm\interpreter\linkResolver.cp
Event: 3.478 Thread 0x0000000017c84800 Exception <a 'java/lang/NoSuchMethodError': java.lang.Object.lambda$or$2(Ljava/util/function/Predicate;Ljava/lang/Object;)Z> (0x00000000f65d1858) thrown at [C:\re\workspace\8-2-build-windows-amd64-cygwin\jdk8u211\12973\hotspot\src\share\vm\interpreter\lin

Events (10 events):
Event: 3.807 loading class org/gradle/internal/resource/local/FileStoreAddActionException
Event: 3.807 loading class org/gradle/internal/resource/local/FileStoreAddActionException done
Event: 3.807 loading class org/gradle/internal/resource/local/FileStoreException
Event: 3.807 loading class org/gradle/internal/resource/local/FileStoreException done
Event: 3.808 loading class org/gradle/internal/resource/local/LocallyAvailableResource
Event: 3.808 loading class org/gradle/internal/resource/local/LocallyAvailableResource done
Event: 3.808 loading class org/gradle/api/internal/file/collections/MinimalFileTree
Event: 3.808 loading class org/gradle/api/internal/file/collections/MinimalFileTree done
Event: 3.808 loading class org/gradle/api/internal/file/collections/MinimalFileCollection
Event: 3.808 loading class org/gradle/api/internal/file/collections/MinimalFileCollection done


Dynamic libraries:
0x00007ff6d1a70000 - 0x00007ff6d1aa7000 	C:\Program Files\Java\jdk1.8.0_211\bin\java.exe
0x00007ff947080000 - 0x00007ff947270000 	C:\WINDOWS\SYSTEM32\ntdll.dll
0x00007ff946d20000 - 0x00007ff946dd2000 	C:\WINDOWS\System32\KERNEL32.DLL
0x00007ff944cd0000 - 0x00007ff944f73000 	C:\WINDOWS\System32\KERNELBASE.dll
0x00007ff945e90000 - 0x00007ff945f33000 	C:\WINDOWS\System32\ADVAPI32.dll
0x00007ff946590000 - 0x00007ff94662e000 	C:\WINDOWS\System32\msvcrt.dll
0x00007ff9460b0000 - 0x00007ff946147000 	C:\WINDOWS\System32\sechost.dll
0x00007ff945a30000 - 0x00007ff945b50000 	C:\WINDOWS\System32\RPCRT4.dll
0x00007ff946de0000 - 0x00007ff946f74000 	C:\WINDOWS\System32\USER32.dll
0x00007ff944350000 - 0x00007ff944371000 	C:\WINDOWS\System32\win32u.dll
0x00007ff945ff0000 - 0x00007ff946016000 	C:\WINDOWS\System32\GDI32.dll
0x00007ff9441b0000 - 0x00007ff944344000 	C:\WINDOWS\System32\gdi32full.dll
0x00007ff944f80000 - 0x00007ff94501e000 	C:\WINDOWS\System32\msvcp_win.dll
0x00007ff944b50000 - 0x00007ff944c4a000 	C:\WINDOWS\System32\ucrtbase.dll
0x00007ff9359e0000 - 0x00007ff935c65000 	C:\WINDOWS\WinSxS\amd64_microsoft.windows.common-controls_6595b64144ccf1df_6.0.18362.476_none_e6c4b11b130f2595\COMCTL32.dll
0x00007ff946150000 - 0x00007ff946486000 	C:\WINDOWS\System32\combase.dll
0x00007ff944c50000 - 0x00007ff944cd0000 	C:\WINDOWS\System32\bcryptPrimitives.dll
0x00007ff9464f0000 - 0x00007ff94651e000 	C:\WINDOWS\System32\IMM32.DLL
0x0000000073a60000 - 0x0000000073b32000 	C:\Program Files\Java\jdk1.8.0_211\jre\bin\msvcr100.dll
0x00000000731b0000 - 0x0000000073a55000 	C:\Program Files\Java\jdk1.8.0_211\jre\bin\server\jvm.dll
0x00007ff946f80000 - 0x00007ff946f88000 	C:\WINDOWS\System32\PSAPI.DLL
0x00007ff941b30000 - 0x00007ff941b54000 	C:\WINDOWS\SYSTEM32\WINMM.dll
0x00007ff92c6e0000 - 0x00007ff92c6e9000 	C:\WINDOWS\SYSTEM32\WSOCK32.dll
0x00007ff9459c0000 - 0x00007ff945a2f000 	C:\WINDOWS\System32\WS2_32.dll
0x00007ff9419d0000 - 0x00007ff9419fd000 	C:\WINDOWS\SYSTEM32\WINMMBASE.dll
0x00007ff93dcf0000 - 0x00007ff93dcfa000 	C:\WINDOWS\SYSTEM32\VERSION.dll
0x00007ff944b00000 - 0x00007ff944b4a000 	C:\WINDOWS\System32\cfgmgr32.dll
0x00007ff941ba0000 - 0x00007ff941baf000 	C:\Program Files\Java\jdk1.8.0_211\jre\bin\verify.dll
0x00007ff920b20000 - 0x00007ff920b49000 	C:\Program Files\Java\jdk1.8.0_211\jre\bin\java.dll
0x00007ff93e710000 - 0x00007ff93e726000 	C:\Program Files\Java\jdk1.8.0_211\jre\bin\zip.dll
0x00007ff946630000 - 0x00007ff946d15000 	C:\WINDOWS\System32\SHELL32.dll
0x00007ff945f40000 - 0x00007ff945fe9000 	C:\WINDOWS\System32\shcore.dll
0x00007ff944380000 - 0x00007ff944afe000 	C:\WINDOWS\System32\windows.storage.dll
0x00007ff943fd0000 - 0x00007ff943fef000 	C:\WINDOWS\System32\profapi.dll
0x00007ff943f80000 - 0x00007ff943fca000 	C:\WINDOWS\System32\powrprof.dll
0x00007ff943f50000 - 0x00007ff943f60000 	C:\WINDOWS\System32\UMPDC.dll
0x00007ff945cc0000 - 0x00007ff945d12000 	C:\WINDOWS\System32\shlwapi.dll
0x00007ff943f60000 - 0x00007ff943f71000 	C:\WINDOWS\System32\kernel.appcore.dll
0x00007ff944040000 - 0x00007ff944057000 	C:\WINDOWS\System32\cryptsp.dll
0x00007ff92ab30000 - 0x00007ff92ab4a000 	C:\Program Files\Java\jdk1.8.0_211\jre\bin\net.dll
0x00007ff9361a0000 - 0x00007ff936376000 	C:\WINDOWS\SYSTEM32\urlmon.dll
0x00007ff935eb0000 - 0x00007ff936156000 	C:\WINDOWS\SYSTEM32\iertutil.dll
0x00007ff943990000 - 0x00007ff94399c000 	C:\WINDOWS\SYSTEM32\CRYPTBASE.DLL
0x00007ff9437c0000 - 0x00007ff943827000 	C:\WINDOWS\system32\mswsock.dll
0x00007ff926350000 - 0x00007ff926362000 	C:\Program Files\Java\jdk1.8.0_211\jre\bin\nio.dll
0x00007ff924250000 - 0x00007ff924276000 	C:\Users\artij\.gradle\native\30\windows-amd64\native-platform.dll
0x00007ff93c5f0000 - 0x00007ff93c5fd000 	C:\Program Files\Java\jdk1.8.0_211\jre\bin\management.dll
0x00007ff943330000 - 0x00007ff943363000 	C:\WINDOWS\system32\rsaenh.dll
0x00007ff944010000 - 0x00007ff944036000 	C:\WINDOWS\System32\bcrypt.dll
0x00007ff943e70000 - 0x00007ff943e95000 	C:\WINDOWS\SYSTEM32\USERENV.dll
0x00007ff9434d0000 - 0x00007ff94350a000 	C:\WINDOWS\SYSTEM32\IPHLPAPI.DLL
0x00007ff945b50000 - 0x00007ff945b58000 	C:\WINDOWS\System32\NSI.dll
0x00007ff93d050000 - 0x00007ff93d066000 	C:\WINDOWS\SYSTEM32\dhcpcsvc6.DLL
0x00007ff93cbd0000 - 0x00007ff93cbec000 	C:\WINDOWS\SYSTEM32\dhcpcsvc.DLL
0x00007ff943510000 - 0x00007ff9435da000 	C:\WINDOWS\SYSTEM32\DNSAPI.dll

VM Arguments:
jvm_args: -XX:MaxMetaspaceSize=256m -XX:+HeapDumpOnOutOfMemoryError -Xms256m -Xmx512m -Dfile.encoding=windows-1250 -Duser.country=PL -Duser.language=pl -Duser.variant 
java_command: org.gradle.launcher.daemon.bootstrap.GradleDaemon 6.0.1
java_class_path (initial): C:\Users\artij\.gradle\wrapper\dists\gradle-6.0.1-bin\1lxlpkiy24sb18odw96cp4ojv\gradle-6.0.1\lib\gradle-launcher-6.0.1.jar
Launcher Type: SUN_STANDARD

Environment Variables:
JAVA_HOME=C:\Program Files\Java\jdk1.8.0_211
JRE_HOME=C:\Program Files\Java\jre1.8.0_211
PATH=C:\Python27\;C:\Python27\Scripts;C:\Program Files (x86)\Intel\Intel(R) Management Engine Components\iCLS\;C:\Program Files\Intel\Intel(R) Management Engine Components\iCLS\;C:\Program Files (x86)\Common Files\Oracle\Java\javapath;C:\windows\system32;C:\windows;C:\windows\System32\Wbem;C:\windows\System32\WindowsPowerShell\v1.0\;C:\Program Files (x86)\NVIDIA Corporation\PhysX\Common;C:\WINDOWS\system32;C:\WINDOWS;C:\WINDOWS\System32\Wbem;C:\WINDOWS\System32\WindowsPowerShell\v1.0\;C:\WINDOWS\System32\OpenSSH\;D:\Program Files\Git\cmd;C:\Program Files\NVIDIA Corporation\NVIDIA NvDLISR;C:\Program Files (x86)\Intel\Intel(R) Management Engine Components\DAL;C:\Program Files\Intel\Intel(R) Management Engine Components\DAL;C:\Program Files (x86)\Intel\Intel(R) Management Engine Components\IPT;C:\Program Files\Intel\Intel(R) Management Engine Components\IPT;C:\WINDOWS\system32;C:\WINDOWS;C:\WINDOWS\System32\Wbem;C:\WINDOWS\System32\WindowsPowerShell\v1.0\;C:\WINDOWS\System32\OpenSSH\;C:\Program Files\Intel\WiFi\bin\;C:\Program Files\Common Files\Intel\WirelessCommon\;D:\Program Files\nodejs\;C:\ProgramData\chocolatey\bin;C:\Users\artij\AppData\Local\Microsoft\WindowsApps;;D:\Program files\Microsoft VS Code\bin;F:\Users\artij\AppData\Roaming\npm
USERNAME=artij
OS=Windows_NT
PROCESSOR_IDENTIFIER=Intel64 Family 6 Model 142 Stepping 9, GenuineIntel



---------------  S Y S T E M  ---------------

OS: Windows 10.0 , 64 bit Build 18362 (10.0.18362.329)

CPU:total 4 (initial active 4) (2 cores per cpu, 2 threads per core) family 6 model 142 stepping 9, cmov, cx8, fxsr, mmx, sse, sse2, sse3, ssse3, sse4.1, sse4.2, popcnt, avx, avx2, aes, clmul, erms, 3dnowpref, lzcnt, ht, tsc, tscinvbit, bmi1, bmi2, adx

Memory: 4k page, physical 8271076k(1185744k free), swap 8271076k(3076k free)

vm_info: Java HotSpot(TM) 64-Bit Server VM (25.211-b12) for windows-amd64 JRE (1.8.0_211-b12), built on Apr  1 2019 20:53:26 by "java_re" with MS VC++ 10.0 (VS2010)

time: Fri Dec 13 20:17:27 2019
timezone: Œrodkowoeuropejski czas stand.
elapsed time: 3 seconds (0d 0h 0m 3s)

